[批次训练] 共 5 个批次:
  2024-01-01 ~ 2024-07-02
  2024-07-03 ~ 2025-01-02
  2025-01-03 ~ 2025-07-05
  2025-07-06 ~ 2026-01-05
  2026-01-06 ~ 2026-03-30

[批次 1/5] 抓取 2024-01-01 ~ 2024-07-02...
  成功: 65 条数据

[批次 2/5] 抓取 2024-07-03 ~ 2025-01-02...
  成功: 66 条数据

[批次 3/5] 抓取 2025-01-03 ~ 2025-07-05...
  成功: 64 条数据

[批次 4/5] 抓取 2025-07-06 ~ 2026-01-05...
  成功: 66 条数据

[批次 5/5] 抓取 2026-01-06 ~ 2026-03-30...
  失败: The truth value of a DataFrame is ambiguous. Use a.empty, a.bool(), a.item(), a.any() or a.all().，跳过此批次

[批次训练] 合并 4 个批次数据...
  合并后: 261 条
  去除NaN后: 261 条 (去掉了 0 条)
[批次训练] 最终训练数据: X=(256, 28), y=(256,)
[批次训练] 结果: R2=0.812, RMSE=0.2284
[VolatilityPredictor] 模型已保存: /root/.openclaw/workspace/quant/StockAssistant/volatility_model.joblib

Top 10 特征重要性:
       feature  importance
        hv_60d    0.222469
 parkinson_20d    0.175470
     macd_diff    0.085177
   macd_signal    0.062614
   bb_position    0.052764
        gk_20d    0.048855
         rsi_7    0.033884
     vix_ma_20    0.029226
sma_10_50_diff    0.025464
          macd    0.024928
